<?xml version="1.0" encoding="UTF-8" ?>
<testsuite errors="1" failures="0" hostname="Jorge-PC" name="tests.RequestTest" skipped="0" tests="1" time="0.158" timestamp="2020-11-06T15:13:48">
  <properties>
[...]
</properties>
  <testcase classname="tests.RequestTest" name="initializationError" time="0.017">
    <error message="Invalid test class &apos;tests.RequestTest&apos;:&#xa;  1. The class tests.RequestTest is not public.&#xa;  2. Test class should have exactly one public constructor&#xa;  3. No runnable methods" type="org.junit.runners.model.InvalidTestClassError">org.junit.runners.model.InvalidTestClassError: Invalid test class &apos;tests.RequestTest&apos;:
  1. The class tests.RequestTest is not public.
  2. Test class should have exactly one public constructor
  3. No runnable methods
	at java.lang.reflect.Constructor.newInstance(Unknown Source)
</error>
  </testcase>
  <system-out><![CDATA[]]></system-out>
  <system-err><![CDATA[]]></system-err>
</testsuite>
